[2017-05-03 22:42:25.270] [INFO] cheese - Render view index (345)
[2017-05-03 22:43:46.775] [INFO] cheese - Render view index undefined
[2017-05-03 22:45:37.704] [INFO] cheese - Render view index [32m(346ms)[39m
[2017-05-04 13:04:25.884] [ERROR] cheese - connec to mongodb://127.0.0.1/blog error:  failed to connect to server [127.0.0.1:27017] on first connect [MongoError: connect ECONNREFUSED 127.0.0.1:27017]
[2017-05-04 22:14:53.272] [ERROR] cheese - connec to mongodb://127.0.0.1/blog error:  failed to connect to server [127.0.0.1:27017] on first connect [MongoError: connect ECONNREFUSED 127.0.0.1:27017]
[2017-05-04 22:33:36.265] [INFO] cheese - Render view home [32m(14ms)[39m
[2017-05-04 22:34:02.749] [INFO] cheese - Render view home [32m(0ms)[39m
[2017-05-04 22:34:09.800] [INFO] cheese - Render view signup [32m(3ms)[39m
[2017-05-04 22:34:13.988] [INFO] cheese - Render view signin [32m(2ms)[39m
[2017-05-04 22:34:31.511] [INFO] cheese - Render view home [32m(0ms)[39m
[2017-05-04 22:35:36.691] [INFO] cheese - Render view home [32m(0ms)[39m
[2017-05-04 22:35:49.313] [INFO] cheese - Render view signup [32m(0ms)[39m
[2017-05-05 10:28:26.394] [INFO] cheese - Render view home [32m(16ms)[39m
[2017-05-05 10:28:26.658] [INFO] cheese - Render view error [32m(8ms)[39m
[2017-05-05 10:28:57.643] [INFO] cheese - Render view home [32m(1ms)[39m
[2017-05-05 11:21:23.395] [ERROR] cheese - connect to redis error :Error: connect ECONNREFUSED 127.0.0.1:6379
[2017-05-05 11:21:44.708] [INFO] cheese - Render view home [32m(20ms)[39m
[2017-05-05 11:21:49.792] [INFO] cheese - Render view signup [32m(6ms)[39m
[2017-05-05 11:22:01.241] [INFO] cheese - Render view error [32m(4ms)[39m
[2017-05-05 11:22:26.961] [INFO] cheese - Render view signup [32m(0ms)[39m
[2017-05-05 11:23:16.558] [INFO] cheese - Render view signup [32m(23ms)[39m
[2017-05-05 11:23:23.943] [INFO] cheese - Render view signin [32m(3ms)[39m
[2017-05-05 11:25:21.438] [INFO] cheese - Render view home [32m(4ms)[39m
[2017-05-05 11:26:02.731] [INFO] cheese - Render view signin [32m(0ms)[39m
[2017-05-05 11:28:14.968] [INFO] cheese - Render view signup [32m(1ms)[39m
[2017-05-05 11:28:35.101] [INFO] cheese - Render view signin [32m(0ms)[39m
[2017-05-05 11:28:44.495] [INFO] cheese - Render view home [32m(0ms)[39m
[2017-05-05 11:31:19.843] [INFO] cheese - Render view home [32m(15ms)[39m
[2017-05-05 11:31:19.851] [INFO] cheese - Render view error [32m(4ms)[39m
[2017-05-05 11:32:18.420] [INFO] cheese - Render view home [32m(12ms)[39m
[2017-05-05 11:32:18.426] [INFO] cheese - Render view error [32m(2ms)[39m
[2017-05-05 11:32:20.242] [INFO] cheese - Render view home [32m(0ms)[39m
[2017-05-05 11:32:20.243] [INFO] cheese - Render view error [32m(0ms)[39m
[2017-05-05 11:32:40.129] [INFO] cheese - Render view home [32m(13ms)[39m
[2017-05-05 11:32:40.136] [INFO] cheese - Render view error [32m(2ms)[39m
[2017-05-05 11:32:41.280] [INFO] cheese - Render view home [32m(1ms)[39m
[2017-05-05 11:32:41.282] [INFO] cheese - Render view error [32m(1ms)[39m
[2017-05-05 11:33:01.428] [INFO] cheese - Render view home [32m(19ms)[39m
[2017-05-05 11:33:17.917] [INFO] cheese - Render view home [32m(15ms)[39m
[2017-05-05 15:53:28.741] [INFO] cheese - Render view signup [32m(11ms)[39m
[2017-05-05 15:53:30.217] [INFO] cheese - Render view signin [32m(3ms)[39m
[2017-05-05 15:53:31.130] [INFO] cheese - Render view signup [32m(1ms)[39m
[2017-05-05 15:53:32.982] [INFO] cheese - Render view home [32m(1ms)[39m
[2017-05-05 16:34:58.099] [INFO] cheese - Render view home [32m(0ms)[39m
[2017-05-05 16:35:06.262] [INFO] cheese - Render view signup [32m(0ms)[39m
[2017-05-05 16:37:55.342] [INFO] cheese - Render view home [32m(0ms)[39m
